Using pre-set license
Built from '2021.3/staging' branch; Version is '2021.3.21f1 (1b156197d683) revision 1774945'; Using compiler version '192829333'; Build Type 'Release'
OS: 'Windows 10  (10.0.19045) 64bit Core' Language: 'en' Physical Memory: 16145 MB
BatchMode: 1, IsHumanControllingUs: 0, StartBugReporterOnCrash: 0, Is64bit: 1, IsPro: 1

COMMAND LINE ARGUMENTS:
C:\Program Files\Unity 2021.3.21f1\Editor\Unity.exe
-adb2
-batchMode
-noUpm
-name
AssetImportWorker4
-projectPath
C:/Users/Isaiah Melton/GameProgramming
-logFile
Logs/AssetImportWorker4.log
-srvPort
59233
Successfully changed project path to: C:/Users/Isaiah Melton/GameProgramming
C:/Users/Isaiah Melton/GameProgramming
[UnityMemory] Configuration Parameters - Can be set up in boot.config
    "memorysetup-bucket-allocator-granularity=16"
    "memorysetup-bucket-allocator-bucket-count=8"
    "memorysetup-bucket-allocator-block-size=33554432"
    "memorysetup-bucket-allocator-block-count=8"
    "memorysetup-main-allocator-block-size=16777216"
    "memorysetup-thread-allocator-block-size=16777216"
    "memorysetup-gfx-main-allocator-block-size=16777216"
    "memorysetup-gfx-thread-allocator-block-size=16777216"
    "memorysetup-cache-allocator-block-size=4194304"
    "memorysetup-typetree-allocator-block-size=2097152"
    "memorysetup-profiler-bucket-allocator-granularity=16"
    "memorysetup-profiler-bucket-allocator-bucket-count=8"
    "memorysetup-profiler-bucket-allocator-block-size=33554432"
    "memorysetup-profiler-bucket-allocator-block-count=8"
    "memorysetup-profiler-allocator-block-size=16777216"
    "memorysetup-profiler-editor-allocator-block-size=1048576"
    "memorysetup-temp-allocator-size-main=16777216"
    "memorysetup-job-temp-allocator-block-size=2097152"
    "memorysetup-job-temp-allocator-block-size-background=1048576"
    "memorysetup-job-temp-allocator-reduction-small-platforms=262144"
    "memorysetup-temp-allocator-size-background-worker=32768"
    "memorysetup-temp-allocator-size-job-worker=262144"
    "memorysetup-temp-allocator-size-preload-manager=33554432"
    "memorysetup-temp-allocator-size-nav-mesh-worker=65536"
    "memorysetup-temp-allocator-size-audio-worker=65536"
    "memorysetup-temp-allocator-size-cloud-worker=32768"
    "memorysetup-temp-allocator-size-gi-baking-worker=262144"
    "memorysetup-temp-allocator-size-gfx=262144"
Player connection [46128] Host "[IP] 11.26.7.225 [Port] 0 [Flags] 2 [Guid] 577591676 [EditorId] 577591676 [Version] 1048832 [Id] WindowsEditor(7,REM-IMELTON) [Debug] 1 [PackageName] WindowsEditor [ProjectName] Editor" joined multi-casting on [225.0.0.222:54997]...

Player connection [46128] Host "[IP] 11.26.7.225 [Port] 0 [Flags] 2 [Guid] 577591676 [EditorId] 577591676 [Version] 1048832 [Id] WindowsEditor(7,REM-IMELTON) [Debug] 1 [PackageName] WindowsEditor [ProjectName] Editor" joined alternative multi-casting on [225.0.0.222:34997]...

Refreshing native plugins compatible for Editor in 197.77 ms, found 3 plugins.
Preloading 0 native plugins for Editor in 0.00 ms.
Initialize engine version: 2021.3.21f1 (1b156197d683)
[Subsystems] Discovering subsystems at path C:/Program Files/Unity 2021.3.21f1/Editor/Data/Resources/UnitySubsystems
[Subsystems] Discovering subsystems at path C:/Users/Isaiah Melton/GameProgramming/Assets
GfxDevice: creating device client; threaded=0; jobified=0
Direct3D:
    Version:  Direct3D 11.0 [level 11.1]
    Renderer: NVIDIA GeForce GTX 1660 Ti (ID=0x2191)
    Vendor:   NVIDIA
    VRAM:     5991 MB
    Driver:   30.0.15.1272
Initialize mono
Mono path[0] = 'C:/Program Files/Unity 2021.3.21f1/Editor/Data/Managed'
Mono path[1] = 'C:/Program Files/Unity 2021.3.21f1/Editor/Data/MonoBleedingEdge/lib/mono/unityjit-win32'
Mono config path = 'C:/Program Files/Unity 2021.3.21f1/Editor/Data/MonoBleedingEdge/etc'
Using monoOptions --debugger-agent=transport=dt_socket,embedding=1,server=y,suspend=n,address=127.0.0.1:56132
Begin MonoManager ReloadAssembly
Registering precompiled unity dll's ...
Register platform support module: C:/Program Files/Unity 2021.3.21f1/Editor/Data/PlaybackEngines/WindowsStandaloneSupport/UnityEditor.WindowsStandalone.Extensions.dll
Registered in 0.012956 seconds.
Native extension for WindowsStandalone target not found
Refreshing native plugins compatible for Editor in 144.18 ms, found 3 plugins.
Preloading 0 native plugins for Editor in 0.00 ms.
Mono: successfully reloaded assembly
- Completed reload, in  1.186 seconds
Domain Reload Profiling:
	ReloadAssembly (1186ms)
		BeginReloadAssembly (136ms)
			ExecutionOrderSort (0ms)
			DisableScriptedObjects (0ms)
			BackupInstance (0ms)
			ReleaseScriptingObjects (0ms)
			CreateAndSetChildDomain (1ms)
		EndReloadAssembly (858ms)
			LoadAssemblies (131ms)
			RebuildTransferFunctionScriptingTraits (0ms)
			SetupTypeCache (208ms)
			ReleaseScriptCaches (0ms)
			RebuildScriptCaches (56ms)
			SetupLoadedEditorAssemblies (503ms)
				LogAssemblyErrors (0ms)
				InitializePlatformSupportModulesInManaged (16ms)
				SetLoadedEditorAssemblies (0ms)
				RefreshPlugins (144ms)
				BeforeProcessingInitializeOnLoad (3ms)
				ProcessInitializeOnLoadAttributes (253ms)
				ProcessInitializeOnLoadMethodAttributes (85ms)
				AfterProcessingInitializeOnLoad (0ms)
				EditorAssembliesLoaded (0ms)
			ExecutionOrderSort2 (0ms)
			AwakeInstancesAfterBackupRestoration (0ms)
Platform modules already initialized, skipping
Registering precompiled user dll's ...
Registered in 0.011232 seconds.
Begin MonoManager ReloadAssembly
Symbol file LoadedFromMemory doesn't match image C:\Users\Isaiah Melton\GameProgramming\Library\PackageCache\com.unity.visualscripting@1.8.0\Editor\VisualScripting.Core\Dependencies\YamlDotNet\Unity.VisualScripting.YamlDotNet.dll
Symbol file LoadedFromMemory doesn't match image C:\Users\Isaiah Melton\GameProgramming\Library\PackageCache\com.unity.visualscripting@1.8.0\Editor\VisualScripting.Core\Dependencies\DotNetZip\Unity.VisualScripting.IonicZip.dll
Native extension for WindowsStandalone target not found
Refreshing native plugins compatible for Editor in 0.64 ms, found 3 plugins.
Preloading 0 native plugins for Editor in 0.00 ms.
Mono: successfully reloaded assembly
- Completed reload, in  1.633 seconds
Domain Reload Profiling:
	ReloadAssembly (1634ms)
		BeginReloadAssembly (188ms)
			ExecutionOrderSort (0ms)
			DisableScriptedObjects (9ms)
			BackupInstance (0ms)
			ReleaseScriptingObjects (0ms)
			CreateAndSetChildDomain (27ms)
		EndReloadAssembly (1273ms)
			LoadAssemblies (136ms)
			RebuildTransferFunctionScriptingTraits (0ms)
			SetupTypeCache (411ms)
			ReleaseScriptCaches (1ms)
			RebuildScriptCaches (75ms)
			SetupLoadedEditorAssemblies (604ms)
				LogAssemblyErrors (0ms)
				InitializePlatformSupportModulesInManaged (8ms)
				SetLoadedEditorAssemblies (1ms)
				RefreshPlugins (1ms)
				BeforeProcessingInitializeOnLoad (147ms)
				ProcessInitializeOnLoadAttributes (399ms)
				ProcessInitializeOnLoadMethodAttributes (31ms)
				AfterProcessingInitializeOnLoad (17ms)
				EditorAssembliesLoaded (0ms)
			ExecutionOrderSort2 (0ms)
			AwakeInstancesAfterBackupRestoration (13ms)
Platform modules already initialized, skipping
========================================================================
Worker process is ready to serve import requests
Launched and connected shader compiler UnityShaderCompiler.exe after 0.20 seconds
Refreshing native plugins compatible for Editor in 0.69 ms, found 3 plugins.
Preloading 0 native plugins for Editor in 0.00 ms.
Unloading 3081 Unused Serialized files (Serialized files now loaded: 0)
Unloading 24 unused Assets / (113.4 KB). Loaded Objects now: 3542.
Memory consumption went from 108.6 MB to 108.5 MB.
Total: 4.499500 ms (FindLiveObjects: 0.354700 ms CreateObjectMapping: 0.318500 ms MarkObjects: 3.668300 ms  DeleteObjects: 0.156600 ms)

AssetImportParameters requested are different than current active one (requested -> active):
  custom:video-decoder-ogg-theora: a1e56fd34408186e4bbccfd4996cb3dc -> 
  custom:container-muxer-webm: aa71ff27fc2769a1b78a27578f13a17b -> 
  custom:container-demuxer-webm: 4f35f7cbe854078d1ac9338744f61a02 -> 
  custom:video-encoder-webm-vp8: eb34c28f22e8b96e1ab97ce403110664 -> 
  custom:video-codec-MediaFoundation-h265: 746d11721c4dcdbdad8f713fa42b33f4 -> 
  custom:audio-encoder-webm-vorbis: bf7c407c2cedff20999df2af8eb42d56 -> 
  custom:framework-win-MediaFoundation: 216162199b28c13a410421893ffa2e32 -> 
  custom:container-demuxer-ogg: 62fdf1f143b41e24485cea50d1cbac27 -> 
  custom:video-decoder-webm-vp8: 9c59270c3fd7afecdb556c50c9e8de78 -> 
  custom:audio-decoder-ogg-vorbis: bf7c407c2cedff20999df2af8eb42d56 -> 
========================================================================
Received Import Request.
  Time since last request: 299582.026939 seconds.
  path: Assets/CoffeeShopStarterPack/Prefabs/PW_stove.prefab
  artifactKey: Guid(2bb858b872f0f4fb89e1d1263c276480) Importer(815301076,1909f56bfc062723c751e8b465ee728b)
Start importing Assets/CoffeeShopStarterPack/Prefabs/PW_stove.prefab using Guid(2bb858b872f0f4fb89e1d1263c276480) Importer(815301076,1909f56bfc062723c751e8b465ee728b)  -> (artifact id: 'd2d6ddb20f738f5696e5a0a98f5c2182') in 0.280646 seconds 
========================================================================
Received Import Request.
  Time since last request: 38.337605 seconds.
  path: Assets/Male 3.prefab
  artifactKey: Guid(a5f8b3846661fda408457288ebda04aa) Importer(815301076,1909f56bfc062723c751e8b465ee728b)
Start importing Assets/Male 3.prefab using Guid(a5f8b3846661fda408457288ebda04aa) Importer(815301076,1909f56bfc062723c751e8b465ee728b)  -> (artifact id: '7b579b9305efb0c787276015be517022') in 0.051522 seconds 
========================================================================
Received Import Request.
  Time since last request: 15.194800 seconds.
  path: Assets/PW_orangejuice Variant.prefab
  artifactKey: Guid(70026871fc54bc84495fb8e34c28afb9) Importer(815301076,1909f56bfc062723c751e8b465ee728b)
Start importing Assets/PW_orangejuice Variant.prefab using Guid(70026871fc54bc84495fb8e34c28afb9) Importer(815301076,1909f56bfc062723c751e8b465ee728b)  -> (artifact id: '7662b2d400c58c2dac4b2135c48536f1') in 0.020292 seconds 
========================================================================
Received Prepare
Registering precompiled user dll's ...
Registered in 0.014191 seconds.
Begin MonoManager ReloadAssembly
Symbol file LoadedFromMemory doesn't match image C:\Users\Isaiah Melton\GameProgramming\Library\PackageCache\com.unity.visualscripting@1.8.0\Editor\VisualScripting.Core\Dependencies\YamlDotNet\Unity.VisualScripting.YamlDotNet.dll
Symbol file LoadedFromMemory doesn't match image C:\Users\Isaiah Melton\GameProgramming\Library\PackageCache\com.unity.visualscripting@1.8.0\Editor\VisualScripting.Core\Dependencies\DotNetZip\Unity.VisualScripting.IonicZip.dll
Native extension for WindowsStandalone target not found
Refreshing native plugins compatible for Editor in 0.66 ms, found 3 plugins.
Preloading 0 native plugins for Editor in 0.00 ms.
Mono: successfully reloaded assembly
- Completed reload, in  1.782 seconds
Domain Reload Profiling:
	ReloadAssembly (1783ms)
		BeginReloadAssembly (263ms)
			ExecutionOrderSort (0ms)
			DisableScriptedObjects (8ms)
			BackupInstance (0ms)
			ReleaseScriptingObjects (0ms)
			CreateAndSetChildDomain (49ms)
		EndReloadAssembly (1339ms)
			LoadAssemblies (190ms)
			RebuildTransferFunctionScriptingTraits (0ms)
			SetupTypeCache (472ms)
			ReleaseScriptCaches (2ms)
			RebuildScriptCaches (68ms)
			SetupLoadedEditorAssemblies (569ms)
				LogAssemblyErrors (0ms)
				InitializePlatformSupportModulesInManaged (10ms)
				SetLoadedEditorAssemblies (1ms)
				RefreshPlugins (1ms)
				BeforeProcessingInitializeOnLoad (109ms)
				ProcessInitializeOnLoadAttributes (387ms)
				ProcessInitializeOnLoadMethodAttributes (40ms)
				AfterProcessingInitializeOnLoad (22ms)
				EditorAssembliesLoaded (0ms)
			ExecutionOrderSort2 (0ms)
			AwakeInstancesAfterBackupRestoration (17ms)
Platform modules already initialized, skipping
Refreshing native plugins compatible for Editor in 2.87 ms, found 3 plugins.
Preloading 0 native plugins for Editor in 0.00 ms.
Unloading 3076 Unused Serialized files (Serialized files now loaded: 0)
Unloading 17 unused Assets / (79.8 KB). Loaded Objects now: 3554.
Memory consumption went from 125.5 MB to 125.4 MB.
Total: 4.324600 ms (FindLiveObjects: 0.411400 ms CreateObjectMapping: 0.237800 ms MarkObjects: 3.536100 ms  DeleteObjects: 0.138100 ms)

AssetImportParameters requested are different than current active one (requested -> active):
  custom:video-decoder-ogg-theora: a1e56fd34408186e4bbccfd4996cb3dc -> 
  custom:container-muxer-webm: aa71ff27fc2769a1b78a27578f13a17b -> 
  custom:container-demuxer-webm: 4f35f7cbe854078d1ac9338744f61a02 -> 
  custom:video-encoder-webm-vp8: eb34c28f22e8b96e1ab97ce403110664 -> 
  custom:video-codec-MediaFoundation-h265: 746d11721c4dcdbdad8f713fa42b33f4 -> 
  custom:audio-encoder-webm-vorbis: bf7c407c2cedff20999df2af8eb42d56 -> 
  custom:framework-win-MediaFoundation: 216162199b28c13a410421893ffa2e32 -> 
  custom:container-demuxer-ogg: 62fdf1f143b41e24485cea50d1cbac27 -> 
  custom:video-decoder-webm-vp8: 9c59270c3fd7afecdb556c50c9e8de78 -> 
  custom:audio-decoder-ogg-vorbis: bf7c407c2cedff20999df2af8eb42d56 -> 
========================================================================
Received Import Request.
  Time since last request: 34.436123 seconds.
  path: Assets/PW_cupcake_cherry Variant.prefab
  artifactKey: Guid(7f98a35b2fd6e1a4aa1ea2552cbef408) Importer(815301076,1909f56bfc062723c751e8b465ee728b)
Start importing Assets/PW_cupcake_cherry Variant.prefab using Guid(7f98a35b2fd6e1a4aa1ea2552cbef408) Importer(815301076,1909f56bfc062723c751e8b465ee728b)  -> (artifact id: 'cc2426e94228dddc6659def811884165') in 0.162991 seconds 
========================================================================
Received Import Request.
  Time since last request: 23.868965 seconds.
  path: Assets/PW_cupcake_cherry Variant.prefab
  artifactKey: Guid(7f98a35b2fd6e1a4aa1ea2552cbef408) Importer(815301076,1909f56bfc062723c751e8b465ee728b)
Start importing Assets/PW_cupcake_cherry Variant.prefab using Guid(7f98a35b2fd6e1a4aa1ea2552cbef408) Importer(815301076,1909f56bfc062723c751e8b465ee728b)  -> (artifact id: '21b5b853d3b246ae55c1174034c16301') in 0.015238 seconds 
========================================================================
Received Import Request.
  Time since last request: 24.698931 seconds.
  path: Assets/Male 3.prefab
  artifactKey: Guid(a5f8b3846661fda408457288ebda04aa) Importer(815301076,1909f56bfc062723c751e8b465ee728b)
Start importing Assets/Male 3.prefab using Guid(a5f8b3846661fda408457288ebda04aa) Importer(815301076,1909f56bfc062723c751e8b465ee728b)  -> (artifact id: '93325be4d45cc6a6252e0ded2c19e23e') in 0.041375 seconds 
========================================================================
Received Prepare
Registering precompiled user dll's ...
Registered in 0.009823 seconds.
Begin MonoManager ReloadAssembly
Symbol file LoadedFromMemory doesn't match image C:\Users\Isaiah Melton\GameProgramming\Library\PackageCache\com.unity.visualscripting@1.8.0\Editor\VisualScripting.Core\Dependencies\YamlDotNet\Unity.VisualScripting.YamlDotNet.dll
Symbol file LoadedFromMemory doesn't match image C:\Users\Isaiah Melton\GameProgramming\Library\PackageCache\com.unity.visualscripting@1.8.0\Editor\VisualScripting.Core\Dependencies\DotNetZip\Unity.VisualScripting.IonicZip.dll
Native extension for WindowsStandalone target not found
Refreshing native plugins compatible for Editor in 0.63 ms, found 3 plugins.
Preloading 0 native plugins for Editor in 0.00 ms.
Mono: successfully reloaded assembly
- Completed reload, in  1.566 seconds
Domain Reload Profiling:
	ReloadAssembly (1567ms)
		BeginReloadAssembly (227ms)
			ExecutionOrderSort (0ms)
			DisableScriptedObjects (8ms)
			BackupInstance (0ms)
			ReleaseScriptingObjects (0ms)
			CreateAndSetChildDomain (48ms)
		EndReloadAssembly (1186ms)
			LoadAssemblies (152ms)
			RebuildTransferFunctionScriptingTraits (0ms)
			SetupTypeCache (419ms)
			ReleaseScriptCaches (1ms)
			RebuildScriptCaches (63ms)
			SetupLoadedEditorAssemblies (499ms)
				LogAssemblyErrors (0ms)
				InitializePlatformSupportModulesInManaged (8ms)
				SetLoadedEditorAssemblies (1ms)
				RefreshPlugins (1ms)
				BeforeProcessingInitializeOnLoad (118ms)
				ProcessInitializeOnLoadAttributes (322ms)
				ProcessInitializeOnLoadMethodAttributes (30ms)
				AfterProcessingInitializeOnLoad (19ms)
				EditorAssembliesLoaded (0ms)
			ExecutionOrderSort2 (0ms)
			AwakeInstancesAfterBackupRestoration (13ms)
Platform modules already initialized, skipping
Refreshing native plugins compatible for Editor in 3.47 ms, found 3 plugins.
Preloading 0 native plugins for Editor in 0.00 ms.
Unloading 3076 Unused Serialized files (Serialized files now loaded: 0)
Unloading 17 unused Assets / (79.8 KB). Loaded Objects now: 3557.
Memory consumption went from 125.5 MB to 125.5 MB.
Total: 5.807900 ms (FindLiveObjects: 0.336900 ms CreateObjectMapping: 0.238600 ms MarkObjects: 5.030800 ms  DeleteObjects: 0.200400 ms)

AssetImportParameters requested are different than current active one (requested -> active):
  custom:video-decoder-ogg-theora: a1e56fd34408186e4bbccfd4996cb3dc -> 
  custom:container-muxer-webm: aa71ff27fc2769a1b78a27578f13a17b -> 
  custom:container-demuxer-webm: 4f35f7cbe854078d1ac9338744f61a02 -> 
  custom:video-encoder-webm-vp8: eb34c28f22e8b96e1ab97ce403110664 -> 
  custom:video-codec-MediaFoundation-h265: 746d11721c4dcdbdad8f713fa42b33f4 -> 
  custom:audio-encoder-webm-vorbis: bf7c407c2cedff20999df2af8eb42d56 -> 
  custom:framework-win-MediaFoundation: 216162199b28c13a410421893ffa2e32 -> 
  custom:container-demuxer-ogg: 62fdf1f143b41e24485cea50d1cbac27 -> 
  custom:video-decoder-webm-vp8: 9c59270c3fd7afecdb556c50c9e8de78 -> 
  custom:audio-decoder-ogg-vorbis: bf7c407c2cedff20999df2af8eb42d56 -> 
========================================================================
Received Import Request.
  Time since last request: 55.851499 seconds.
  path: Assets/Male 3.prefab
  artifactKey: Guid(a5f8b3846661fda408457288ebda04aa) Importer(815301076,1909f56bfc062723c751e8b465ee728b)
Start importing Assets/Male 3.prefab using Guid(a5f8b3846661fda408457288ebda04aa) Importer(815301076,1909f56bfc062723c751e8b465ee728b)  -> (artifact id: '3f1f86ca73124f1f0c9f9bcab054cd59') in 0.136143 seconds 
========================================================================
Received Import Request.
  Time since last request: 9.316400 seconds.
  path: Assets/Male 3.prefab
  artifactKey: Guid(a5f8b3846661fda408457288ebda04aa) Importer(815301076,1909f56bfc062723c751e8b465ee728b)
Start importing Assets/Male 3.prefab using Guid(a5f8b3846661fda408457288ebda04aa) Importer(815301076,1909f56bfc062723c751e8b465ee728b)  -> (artifact id: '74cf3180fa2efb9738c3498fd9824ff9') in 0.034186 seconds 
========================================================================
Received Import Request.
  Time since last request: 2.584900 seconds.
  path: Assets/Male 3.prefab
  artifactKey: Guid(a5f8b3846661fda408457288ebda04aa) Importer(815301076,1909f56bfc062723c751e8b465ee728b)
Start importing Assets/Male 3.prefab using Guid(a5f8b3846661fda408457288ebda04aa) Importer(815301076,1909f56bfc062723c751e8b465ee728b)  -> (artifact id: '6d68ef25f77e5abb0469a6e4e3976771') in 0.034851 seconds 
========================================================================
Received Import Request.
  Time since last request: 4.985169 seconds.
  path: Assets/Male 3.prefab
  artifactKey: Guid(a5f8b3846661fda408457288ebda04aa) Importer(815301076,1909f56bfc062723c751e8b465ee728b)
Start importing Assets/Male 3.prefab using Guid(a5f8b3846661fda408457288ebda04aa) Importer(815301076,1909f56bfc062723c751e8b465ee728b)  -> (artifact id: '46321263d3381a3e98c54058886340ab') in 0.032571 seconds 
========================================================================
Received Prepare
Registering precompiled user dll's ...
Registered in 0.009698 seconds.
Begin MonoManager ReloadAssembly
Symbol file LoadedFromMemory doesn't match image C:\Users\Isaiah Melton\GameProgramming\Library\PackageCache\com.unity.visualscripting@1.8.0\Editor\VisualScripting.Core\Dependencies\YamlDotNet\Unity.VisualScripting.YamlDotNet.dll
Symbol file LoadedFromMemory doesn't match image C:\Users\Isaiah Melton\GameProgramming\Library\PackageCache\com.unity.visualscripting@1.8.0\Editor\VisualScripting.Core\Dependencies\DotNetZip\Unity.VisualScripting.IonicZip.dll
Native extension for WindowsStandalone target not found
Refreshing native plugins compatible for Editor in 0.64 ms, found 3 plugins.
Preloading 0 native plugins for Editor in 0.00 ms.
Mono: successfully reloaded assembly
- Completed reload, in  1.579 seconds
Domain Reload Profiling:
	ReloadAssembly (1580ms)
		BeginReloadAssembly (212ms)
			ExecutionOrderSort (0ms)
			DisableScriptedObjects (8ms)
			BackupInstance (0ms)
			ReleaseScriptingObjects (0ms)
			CreateAndSetChildDomain (49ms)
		EndReloadAssembly (1216ms)
			LoadAssemblies (136ms)
			RebuildTransferFunctionScriptingTraits (0ms)
			SetupTypeCache (436ms)
			ReleaseScriptCaches (2ms)
			RebuildScriptCaches (70ms)
			SetupLoadedEditorAssemblies (505ms)
				LogAssemblyErrors (0ms)
				InitializePlatformSupportModulesInManaged (10ms)
				SetLoadedEditorAssemblies (1ms)
				RefreshPlugins (1ms)
				BeforeProcessingInitializeOnLoad (117ms)
				ProcessInitializeOnLoadAttributes (325ms)
				ProcessInitializeOnLoadMethodAttributes (31ms)
				AfterProcessingInitializeOnLoad (20ms)
				EditorAssembliesLoaded (0ms)
			ExecutionOrderSort2 (0ms)
			AwakeInstancesAfterBackupRestoration (13ms)
Platform modules already initialized, skipping
Refreshing native plugins compatible for Editor in 2.79 ms, found 3 plugins.
Preloading 0 native plugins for Editor in 0.00 ms.
Unloading 3076 Unused Serialized files (Serialized files now loaded: 0)
Unloading 17 unused Assets / (79.9 KB). Loaded Objects now: 3560.
Memory consumption went from 125.6 MB to 125.5 MB.
Total: 3.876900 ms (FindLiveObjects: 0.289800 ms CreateObjectMapping: 0.184000 ms MarkObjects: 3.293000 ms  DeleteObjects: 0.109200 ms)

AssetImportParameters requested are different than current active one (requested -> active):
  custom:video-decoder-ogg-theora: a1e56fd34408186e4bbccfd4996cb3dc -> 
  custom:container-muxer-webm: aa71ff27fc2769a1b78a27578f13a17b -> 
  custom:container-demuxer-webm: 4f35f7cbe854078d1ac9338744f61a02 -> 
  custom:video-encoder-webm-vp8: eb34c28f22e8b96e1ab97ce403110664 -> 
  custom:video-codec-MediaFoundation-h265: 746d11721c4dcdbdad8f713fa42b33f4 -> 
  custom:audio-encoder-webm-vorbis: bf7c407c2cedff20999df2af8eb42d56 -> 
  custom:framework-win-MediaFoundation: 216162199b28c13a410421893ffa2e32 -> 
  custom:container-demuxer-ogg: 62fdf1f143b41e24485cea50d1cbac27 -> 
  custom:video-decoder-webm-vp8: 9c59270c3fd7afecdb556c50c9e8de78 -> 
  custom:audio-decoder-ogg-vorbis: bf7c407c2cedff20999df2af8eb42d56 -> 
========================================================================
Received Import Request.
  Time since last request: 55.915545 seconds.
  path: Assets/Male 3.prefab
  artifactKey: Guid(a5f8b3846661fda408457288ebda04aa) Importer(815301076,1909f56bfc062723c751e8b465ee728b)
Start importing Assets/Male 3.prefab using Guid(a5f8b3846661fda408457288ebda04aa) Importer(815301076,1909f56bfc062723c751e8b465ee728b)  -> (artifact id: '46321263d3381a3e98c54058886340ab') in 0.141283 seconds 
========================================================================
Received Import Request.
  Time since last request: 3.754701 seconds.
  path: Assets/Male 3.prefab
  artifactKey: Guid(a5f8b3846661fda408457288ebda04aa) Importer(815301076,1909f56bfc062723c751e8b465ee728b)
Start importing Assets/Male 3.prefab using Guid(a5f8b3846661fda408457288ebda04aa) Importer(815301076,1909f56bfc062723c751e8b465ee728b)  -> (artifact id: 'a9f8b8ebf3c949443854402b319213d9') in 0.038869 seconds 
========================================================================
Received Import Request.
  Time since last request: 2.931481 seconds.
  path: Assets/PW_doughnut_pink Variant.prefab
  artifactKey: Guid(7b6de662c45fd664cac35e7ee8095e4b) Importer(815301076,1909f56bfc062723c751e8b465ee728b)
Start importing Assets/PW_doughnut_pink Variant.prefab using Guid(7b6de662c45fd664cac35e7ee8095e4b) Importer(815301076,1909f56bfc062723c751e8b465ee728b)  -> (artifact id: '46a4f1fe6e2218386d9d0d66b8548761') in 0.029804 seconds 
========================================================================
Received Import Request.
  Time since last request: 13.287508 seconds.
  path: Assets/Male 3.prefab
  artifactKey: Guid(a5f8b3846661fda408457288ebda04aa) Importer(815301076,1909f56bfc062723c751e8b465ee728b)
Start importing Assets/Male 3.prefab using Guid(a5f8b3846661fda408457288ebda04aa) Importer(815301076,1909f56bfc062723c751e8b465ee728b)  -> (artifact id: '73819ef1f7bda4f31c4ee80950e9e5b0') in 0.036645 seconds 
========================================================================
Received Import Request.
  Time since last request: 0.000022 seconds.
  path: Assets/PW_orangejuice Variant.prefab
  artifactKey: Guid(70026871fc54bc84495fb8e34c28afb9) Importer(815301076,1909f56bfc062723c751e8b465ee728b)
Start importing Assets/PW_orangejuice Variant.prefab using Guid(70026871fc54bc84495fb8e34c28afb9) Importer(815301076,1909f56bfc062723c751e8b465ee728b)  -> (artifact id: '031b6c6ea6934159362028b7e029f70d') in 0.015117 seconds 
========================================================================
Received Import Request.
  Time since last request: 4.472887 seconds.
  path: Assets/Male 3.prefab
  artifactKey: Guid(a5f8b3846661fda408457288ebda04aa) Importer(815301076,1909f56bfc062723c751e8b465ee728b)
Start importing Assets/Male 3.prefab using Guid(a5f8b3846661fda408457288ebda04aa) Importer(815301076,1909f56bfc062723c751e8b465ee728b)  -> (artifact id: 'b7cdff9ccca2539bbde5ed4b9d80d6d2') in 0.036736 seconds 
========================================================================
Received Import Request.
  Time since last request: 2.834779 seconds.
  path: Assets/Male 3.prefab
  artifactKey: Guid(a5f8b3846661fda408457288ebda04aa) Importer(815301076,1909f56bfc062723c751e8b465ee728b)
Start importing Assets/Male 3.prefab using Guid(a5f8b3846661fda408457288ebda04aa) Importer(815301076,1909f56bfc062723c751e8b465ee728b)  -> (artifact id: '5bea20279bf7bab628d7480281e5a7d0') in 0.044145 seconds 
========================================================================
Received Import Request.
  Time since last request: 0.000050 seconds.
  path: Assets/PW_orangejuice Variant.prefab
  artifactKey: Guid(70026871fc54bc84495fb8e34c28afb9) Importer(815301076,1909f56bfc062723c751e8b465ee728b)
Start importing Assets/PW_orangejuice Variant.prefab using Guid(70026871fc54bc84495fb8e34c28afb9) Importer(815301076,1909f56bfc062723c751e8b465ee728b)  -> (artifact id: '71b54c642440f455b52fcc59840754df') in 0.030134 seconds 
========================================================================
Received Import Request.
  Time since last request: 3.558123 seconds.
  path: Assets/Male 3.prefab
  artifactKey: Guid(a5f8b3846661fda408457288ebda04aa) Importer(815301076,1909f56bfc062723c751e8b465ee728b)
Start importing Assets/Male 3.prefab using Guid(a5f8b3846661fda408457288ebda04aa) Importer(815301076,1909f56bfc062723c751e8b465ee728b)  -> (artifact id: 'c3dbeb46f8308d98ee994f9b887b4a8e') in 0.036544 seconds 
========================================================================
Received Import Request.
  Time since last request: 0.000025 seconds.
  path: Assets/PW_orangejuice Variant.prefab
  artifactKey: Guid(70026871fc54bc84495fb8e34c28afb9) Importer(815301076,1909f56bfc062723c751e8b465ee728b)
Start importing Assets/PW_orangejuice Variant.prefab using Guid(70026871fc54bc84495fb8e34c28afb9) Importer(815301076,1909f56bfc062723c751e8b465ee728b)  -> (artifact id: 'bf7f1a7b7a1d4b849882985654ee9549') in 0.025611 seconds 
========================================================================
Received Import Request.
  Time since last request: 4.863115 seconds.
  path: Assets/Male 3.prefab
  artifactKey: Guid(a5f8b3846661fda408457288ebda04aa) Importer(815301076,1909f56bfc062723c751e8b465ee728b)
Start importing Assets/Male 3.prefab using Guid(a5f8b3846661fda408457288ebda04aa) Importer(815301076,1909f56bfc062723c751e8b465ee728b)  -> (artifact id: '87835c8e4b92a8daede6a851cf0e354b') in 0.044129 seconds 
========================================================================
Received Import Request.
  Time since last request: 0.000032 seconds.
  path: Assets/PW_orangejuice Variant.prefab
  artifactKey: Guid(70026871fc54bc84495fb8e34c28afb9) Importer(815301076,1909f56bfc062723c751e8b465ee728b)
Start importing Assets/PW_orangejuice Variant.prefab using Guid(70026871fc54bc84495fb8e34c28afb9) Importer(815301076,1909f56bfc062723c751e8b465ee728b)  -> (artifact id: 'fd498991991899949a42f1906a2abd4d') in 0.029337 seconds 
========================================================================
Received Import Request.
  Time since last request: 4.396473 seconds.
  path: Assets/Male 3.prefab
  artifactKey: Guid(a5f8b3846661fda408457288ebda04aa) Importer(815301076,1909f56bfc062723c751e8b465ee728b)
Start importing Assets/Male 3.prefab using Guid(a5f8b3846661fda408457288ebda04aa) Importer(815301076,1909f56bfc062723c751e8b465ee728b)  -> (artifact id: 'bb08e08b94f48cbeed267f91cfa56de0') in 0.039429 seconds 
========================================================================
Received Import Request.
  Time since last request: 2.891273 seconds.
  path: Assets/Male 3.prefab
  artifactKey: Guid(a5f8b3846661fda408457288ebda04aa) Importer(815301076,1909f56bfc062723c751e8b465ee728b)
Start importing Assets/Male 3.prefab using Guid(a5f8b3846661fda408457288ebda04aa) Importer(815301076,1909f56bfc062723c751e8b465ee728b)  -> (artifact id: 'ac8bbc8cac4f9ee0df634f3c92a45038') in 0.035205 seconds 
========================================================================
Received Import Request.
  Time since last request: 0.000029 seconds.
  path: Assets/PW_orangejuice Variant.prefab
  artifactKey: Guid(70026871fc54bc84495fb8e34c28afb9) Importer(815301076,1909f56bfc062723c751e8b465ee728b)
Start importing Assets/PW_orangejuice Variant.prefab using Guid(70026871fc54bc84495fb8e34c28afb9) Importer(815301076,1909f56bfc062723c751e8b465ee728b)  -> (artifact id: '771f40503cf2611ff4246ad68e03d7b7') in 0.031316 seconds 
========================================================================
Received Import Request.
  Time since last request: 14.120482 seconds.
  path: Assets/Male 3.prefab
  artifactKey: Guid(a5f8b3846661fda408457288ebda04aa) Importer(815301076,1909f56bfc062723c751e8b465ee728b)
Start importing Assets/Male 3.prefab using Guid(a5f8b3846661fda408457288ebda04aa) Importer(815301076,1909f56bfc062723c751e8b465ee728b)  -> (artifact id: '44d1bb0bf3daa18508d88f3cd318e1b7') in 0.042144 seconds 
========================================================================
Received Import Request.
  Time since last request: 0.000025 seconds.
  path: Assets/PW_orangejuice Variant.prefab
  artifactKey: Guid(70026871fc54bc84495fb8e34c28afb9) Importer(815301076,1909f56bfc062723c751e8b465ee728b)
Start importing Assets/PW_orangejuice Variant.prefab using Guid(70026871fc54bc84495fb8e34c28afb9) Importer(815301076,1909f56bfc062723c751e8b465ee728b)  -> (artifact id: '914b1c75f283807b5fa8bddcdd631d83') in 0.030816 seconds 
========================================================================
Received Import Request.
  Time since last request: 9.476573 seconds.
  path: Assets/Male 3.prefab
  artifactKey: Guid(a5f8b3846661fda408457288ebda04aa) Importer(815301076,1909f56bfc062723c751e8b465ee728b)
Start importing Assets/Male 3.prefab using Guid(a5f8b3846661fda408457288ebda04aa) Importer(815301076,1909f56bfc062723c751e8b465ee728b)  -> (artifact id: '7ed4ae21ad1a5130b96c5048fa381b9b') in 0.036730 seconds 
========================================================================
Received Import Request.
  Time since last request: 0.000025 seconds.
  path: Assets/PW_orangejuice Variant.prefab
  artifactKey: Guid(70026871fc54bc84495fb8e34c28afb9) Importer(815301076,1909f56bfc062723c751e8b465ee728b)
Start importing Assets/PW_orangejuice Variant.prefab using Guid(70026871fc54bc84495fb8e34c28afb9) Importer(815301076,1909f56bfc062723c751e8b465ee728b)  -> (artifact id: 'b911f20bd2d0a25a9462e0619ba95bc7') in 0.026990 seconds 
========================================================================
Received Import Request.
  Time since last request: 2.828431 seconds.
  path: Assets/Male 3.prefab
  artifactKey: Guid(a5f8b3846661fda408457288ebda04aa) Importer(815301076,1909f56bfc062723c751e8b465ee728b)
Start importing Assets/Male 3.prefab using Guid(a5f8b3846661fda408457288ebda04aa) Importer(815301076,1909f56bfc062723c751e8b465ee728b)  -> (artifact id: 'a93fef6e11081e0bfd98fb3a6e556152') in 0.037661 seconds 
========================================================================
Received Import Request.
  Time since last request: 0.000022 seconds.
  path: Assets/PW_orangejuice Variant.prefab
  artifactKey: Guid(70026871fc54bc84495fb8e34c28afb9) Importer(815301076,1909f56bfc062723c751e8b465ee728b)
Start importing Assets/PW_orangejuice Variant.prefab using Guid(70026871fc54bc84495fb8e34c28afb9) Importer(815301076,1909f56bfc062723c751e8b465ee728b)  -> (artifact id: '53f654044e6cead9a28332ff7ffdb5c6') in 0.027030 seconds 
========================================================================
Received Import Request.
  Time since last request: 2.696655 seconds.
  path: Assets/Male 3.prefab
  artifactKey: Guid(a5f8b3846661fda408457288ebda04aa) Importer(815301076,1909f56bfc062723c751e8b465ee728b)
Start importing Assets/Male 3.prefab using Guid(a5f8b3846661fda408457288ebda04aa) Importer(815301076,1909f56bfc062723c751e8b465ee728b)  -> (artifact id: '842f9cd5b1960a65488abf97745f8122') in 0.050506 seconds 
========================================================================
Received Import Request.
  Time since last request: 0.000040 seconds.
  path: Assets/PW_doughnut_pink Variant.prefab
  artifactKey: Guid(7b6de662c45fd664cac35e7ee8095e4b) Importer(815301076,1909f56bfc062723c751e8b465ee728b)
Start importing Assets/PW_doughnut_pink Variant.prefab using Guid(7b6de662c45fd664cac35e7ee8095e4b) Importer(815301076,1909f56bfc062723c751e8b465ee728b)  -> (artifact id: '74e958864f0c0ad3fe62a956502d9128') in 0.032310 seconds 
========================================================================
Received Import Request.
  Time since last request: 2.566106 seconds.
  path: Assets/PW_cupcake_cherry Variant.prefab
  artifactKey: Guid(7f98a35b2fd6e1a4aa1ea2552cbef408) Importer(815301076,1909f56bfc062723c751e8b465ee728b)
Start importing Assets/PW_cupcake_cherry Variant.prefab using Guid(7f98a35b2fd6e1a4aa1ea2552cbef408) Importer(815301076,1909f56bfc062723c751e8b465ee728b)  -> (artifact id: 'c589621267f583147ef3cb5eeeec4b07') in 0.026590 seconds 
========================================================================
Received Import Request.
  Time since last request: 0.000021 seconds.
  path: Assets/PW_doughnut_pink Variant.prefab
  artifactKey: Guid(7b6de662c45fd664cac35e7ee8095e4b) Importer(815301076,1909f56bfc062723c751e8b465ee728b)
Start importing Assets/PW_doughnut_pink Variant.prefab using Guid(7b6de662c45fd664cac35e7ee8095e4b) Importer(815301076,1909f56bfc062723c751e8b465ee728b)  -> (artifact id: '26b743257bc9a139e60cfaa44b4cf644') in 0.024577 seconds 
========================================================================
Received Import Request.
  Time since last request: 2.953648 seconds.
  path: Assets/Male 3.prefab
  artifactKey: Guid(a5f8b3846661fda408457288ebda04aa) Importer(815301076,1909f56bfc062723c751e8b465ee728b)
Start importing Assets/Male 3.prefab using Guid(a5f8b3846661fda408457288ebda04aa) Importer(815301076,1909f56bfc062723c751e8b465ee728b)  -> (artifact id: 'e913e33d839d086a18086c123ff4af23') in 0.033984 seconds 
========================================================================
Received Import Request.
  Time since last request: 0.000024 seconds.
  path: Assets/PW_orangejuice Variant.prefab
  artifactKey: Guid(70026871fc54bc84495fb8e34c28afb9) Importer(815301076,1909f56bfc062723c751e8b465ee728b)
Start importing Assets/PW_orangejuice Variant.prefab using Guid(70026871fc54bc84495fb8e34c28afb9) Importer(815301076,1909f56bfc062723c751e8b465ee728b)  -> (artifact id: '12b05eafb2bc2dbb2f51df754a319aa9') in 0.026553 seconds 
========================================================================
Received Prepare
Registering precompiled user dll's ...
Registered in 0.009828 seconds.
Begin MonoManager ReloadAssembly
Symbol file LoadedFromMemory doesn't match image C:\Users\Isaiah Melton\GameProgramming\Library\PackageCache\com.unity.visualscripting@1.8.0\Editor\VisualScripting.Core\Dependencies\YamlDotNet\Unity.VisualScripting.YamlDotNet.dll
Symbol file LoadedFromMemory doesn't match image C:\Users\Isaiah Melton\GameProgramming\Library\PackageCache\com.unity.visualscripting@1.8.0\Editor\VisualScripting.Core\Dependencies\DotNetZip\Unity.VisualScripting.IonicZip.dll
Native extension for WindowsStandalone target not found
Refreshing native plugins compatible for Editor in 0.65 ms, found 3 plugins.
Preloading 0 native plugins for Editor in 0.00 ms.
Mono: successfully reloaded assembly
- Completed reload, in  1.637 seconds
Domain Reload Profiling:
	ReloadAssembly (1638ms)
		BeginReloadAssembly (250ms)
			ExecutionOrderSort (0ms)
			DisableScriptedObjects (7ms)
			BackupInstance (0ms)
			ReleaseScriptingObjects (0ms)
			CreateAndSetChildDomain (49ms)
		EndReloadAssembly (1217ms)
			LoadAssemblies (176ms)
			RebuildTransferFunctionScriptingTraits (0ms)
			SetupTypeCache (420ms)
			ReleaseScriptCaches (2ms)
			RebuildScriptCaches (63ms)
			SetupLoadedEditorAssemblies (517ms)
				LogAssemblyErrors (0ms)
				InitializePlatformSupportModulesInManaged (10ms)
				SetLoadedEditorAssemblies (1ms)
				RefreshPlugins (1ms)
				BeforeProcessingInitializeOnLoad (114ms)
				ProcessInitializeOnLoadAttributes (336ms)
				ProcessInitializeOnLoadMethodAttributes (35ms)
				AfterProcessingInitializeOnLoad (20ms)
				EditorAssembliesLoaded (0ms)
			ExecutionOrderSort2 (0ms)
			AwakeInstancesAfterBackupRestoration (14ms)
Platform modules already initialized, skipping
Refreshing native plugins compatible for Editor in 3.00 ms, found 3 plugins.
Preloading 0 native plugins for Editor in 0.00 ms.
Unloading 3076 Unused Serialized files (Serialized files now loaded: 0)
Unloading 17 unused Assets / (79.8 KB). Loaded Objects now: 3563.
Memory consumption went from 125.7 MB to 125.6 MB.
Total: 4.392000 ms (FindLiveObjects: 0.392700 ms CreateObjectMapping: 0.247300 ms MarkObjects: 3.627000 ms  DeleteObjects: 0.122700 ms)

AssetImportParameters requested are different than current active one (requested -> active):
  custom:video-decoder-ogg-theora: a1e56fd34408186e4bbccfd4996cb3dc -> 
  custom:container-muxer-webm: aa71ff27fc2769a1b78a27578f13a17b -> 
  custom:container-demuxer-webm: 4f35f7cbe854078d1ac9338744f61a02 -> 
  custom:video-encoder-webm-vp8: eb34c28f22e8b96e1ab97ce403110664 -> 
  custom:video-codec-MediaFoundation-h265: 746d11721c4dcdbdad8f713fa42b33f4 -> 
  custom:audio-encoder-webm-vorbis: bf7c407c2cedff20999df2af8eb42d56 -> 
  custom:framework-win-MediaFoundation: 216162199b28c13a410421893ffa2e32 -> 
  custom:container-demuxer-ogg: 62fdf1f143b41e24485cea50d1cbac27 -> 
  custom:video-decoder-webm-vp8: 9c59270c3fd7afecdb556c50c9e8de78 -> 
  custom:audio-decoder-ogg-vorbis: bf7c407c2cedff20999df2af8eb42d56 -> 
========================================================================
Received Import Request.
  Time since last request: 87.469064 seconds.
  path: Assets/Male 3.prefab
  artifactKey: Guid(a5f8b3846661fda408457288ebda04aa) Importer(815301076,1909f56bfc062723c751e8b465ee728b)
Start importing Assets/Male 3.prefab using Guid(a5f8b3846661fda408457288ebda04aa) Importer(815301076,1909f56bfc062723c751e8b465ee728b)  -> (artifact id: '9a5b8db20807ddd2f09edbb4665bb2cd') in 0.140180 seconds 
========================================================================
Received Import Request.
  Time since last request: 0.000039 seconds.
  path: Assets/PW_doughnut_pink Variant.prefab
  artifactKey: Guid(7b6de662c45fd664cac35e7ee8095e4b) Importer(815301076,1909f56bfc062723c751e8b465ee728b)
Start importing Assets/PW_doughnut_pink Variant.prefab using Guid(7b6de662c45fd664cac35e7ee8095e4b) Importer(815301076,1909f56bfc062723c751e8b465ee728b)  -> (artifact id: '2fd656f5afca17909257995ed1b707d8') in 0.038881 seconds 
========================================================================
Received Import Request.
  Time since last request: 12.464418 seconds.
  path: Assets/Male 3.prefab
  artifactKey: Guid(a5f8b3846661fda408457288ebda04aa) Importer(815301076,1909f56bfc062723c751e8b465ee728b)
Start importing Assets/Male 3.prefab using Guid(a5f8b3846661fda408457288ebda04aa) Importer(815301076,1909f56bfc062723c751e8b465ee728b)  -> (artifact id: 'd8e8c0606e69e4fb128d127e17b82a49') in 0.044869 seconds 
========================================================================
Received Import Request.
  Time since last request: 0.000031 seconds.
  path: Assets/PW_orangejuice Variant.prefab
  artifactKey: Guid(70026871fc54bc84495fb8e34c28afb9) Importer(815301076,1909f56bfc062723c751e8b465ee728b)
Start importing Assets/PW_orangejuice Variant.prefab using Guid(70026871fc54bc84495fb8e34c28afb9) Importer(815301076,1909f56bfc062723c751e8b465ee728b)  -> (artifact id: '7dac3bb28d8a36e5d649a5cbef39235c') in 0.036255 seconds 
========================================================================
Received Prepare
Registering precompiled user dll's ...
Registered in 0.011017 seconds.
Begin MonoManager ReloadAssembly
Symbol file LoadedFromMemory doesn't match image C:\Users\Isaiah Melton\GameProgramming\Library\PackageCache\com.unity.visualscripting@1.8.0\Editor\VisualScripting.Core\Dependencies\YamlDotNet\Unity.VisualScripting.YamlDotNet.dll
Symbol file LoadedFromMemory doesn't match image C:\Users\Isaiah Melton\GameProgramming\Library\PackageCache\com.unity.visualscripting@1.8.0\Editor\VisualScripting.Core\Dependencies\DotNetZip\Unity.VisualScripting.IonicZip.dll
Native extension for WindowsStandalone target not found
Refreshing native plugins compatible for Editor in 0.84 ms, found 3 plugins.
Preloading 0 native plugins for Editor in 0.00 ms.
Mono: successfully reloaded assembly
- Completed reload, in  1.556 seconds
Domain Reload Profiling:
	ReloadAssembly (1557ms)
		BeginReloadAssembly (220ms)
			ExecutionOrderSort (0ms)
			DisableScriptedObjects (7ms)
			BackupInstance (0ms)
			ReleaseScriptingObjects (0ms)
			CreateAndSetChildDomain (46ms)
		EndReloadAssembly (1176ms)
			LoadAssemblies (149ms)
			RebuildTransferFunctionScriptingTraits (0ms)
			SetupTypeCache (412ms)
			ReleaseScriptCaches (1ms)
			RebuildScriptCaches (64ms)
			SetupLoadedEditorAssemblies (500ms)
				LogAssemblyErrors (0ms)
				InitializePlatformSupportModulesInManaged (9ms)
				SetLoadedEditorAssemblies (1ms)
				RefreshPlugins (1ms)
				BeforeProcessingInitializeOnLoad (124ms)
				ProcessInitializeOnLoadAttributes (314ms)
				ProcessInitializeOnLoadMethodAttributes (32ms)
				AfterProcessingInitializeOnLoad (19ms)
				EditorAssembliesLoaded (0ms)
			ExecutionOrderSort2 (0ms)
			AwakeInstancesAfterBackupRestoration (13ms)
Platform modules already initialized, skipping
Refreshing native plugins compatible for Editor in 2.68 ms, found 3 plugins.
Preloading 0 native plugins for Editor in 0.00 ms.
Unloading 3076 Unused Serialized files (Serialized files now loaded: 0)
Unloading 17 unused Assets / (79.9 KB). Loaded Objects now: 3566.
Memory consumption went from 125.7 MB to 125.6 MB.
Total: 3.995400 ms (FindLiveObjects: 0.301200 ms CreateObjectMapping: 0.215600 ms MarkObjects: 3.355700 ms  DeleteObjects: 0.121400 ms)

AssetImportParameters requested are different than current active one (requested -> active):
  custom:video-decoder-ogg-theora: a1e56fd34408186e4bbccfd4996cb3dc -> 
  custom:container-muxer-webm: aa71ff27fc2769a1b78a27578f13a17b -> 
  custom:container-demuxer-webm: 4f35f7cbe854078d1ac9338744f61a02 -> 
  custom:video-encoder-webm-vp8: eb34c28f22e8b96e1ab97ce403110664 -> 
  custom:video-codec-MediaFoundation-h265: 746d11721c4dcdbdad8f713fa42b33f4 -> 
  custom:audio-encoder-webm-vorbis: bf7c407c2cedff20999df2af8eb42d56 -> 
  custom:framework-win-MediaFoundation: 216162199b28c13a410421893ffa2e32 -> 
  custom:container-demuxer-ogg: 62fdf1f143b41e24485cea50d1cbac27 -> 
  custom:video-decoder-webm-vp8: 9c59270c3fd7afecdb556c50c9e8de78 -> 
  custom:audio-decoder-ogg-vorbis: bf7c407c2cedff20999df2af8eb42d56 -> 
========================================================================
Received Import Request.
  Time since last request: 36.469422 seconds.
  path: Assets/Male 3.prefab
  artifactKey: Guid(a5f8b3846661fda408457288ebda04aa) Importer(815301076,1909f56bfc062723c751e8b465ee728b)
Start importing Assets/Male 3.prefab using Guid(a5f8b3846661fda408457288ebda04aa) Importer(815301076,1909f56bfc062723c751e8b465ee728b)  -> (artifact id: '97e5c15e10027af4c71e5f8af57f7939') in 0.149643 seconds 
========================================================================
Received Import Request.
  Time since last request: 0.000027 seconds.
  path: Assets/PW_orangejuice Variant.prefab
  artifactKey: Guid(70026871fc54bc84495fb8e34c28afb9) Importer(815301076,1909f56bfc062723c751e8b465ee728b)
Start importing Assets/PW_orangejuice Variant.prefab using Guid(70026871fc54bc84495fb8e34c28afb9) Importer(815301076,1909f56bfc062723c751e8b465ee728b)  -> (artifact id: 'cfaea9371740b4b7290a486449ac2fa8') in 0.030783 seconds 
========================================================================
Received Prepare
Registering precompiled user dll's ...
Registered in 0.011515 seconds.
Begin MonoManager ReloadAssembly
Symbol file LoadedFromMemory doesn't match image C:\Users\Isaiah Melton\GameProgramming\Library\PackageCache\com.unity.visualscripting@1.8.0\Editor\VisualScripting.Core\Dependencies\YamlDotNet\Unity.VisualScripting.YamlDotNet.dll
Symbol file LoadedFromMemory doesn't match image C:\Users\Isaiah Melton\GameProgramming\Library\PackageCache\com.unity.visualscripting@1.8.0\Editor\VisualScripting.Core\Dependencies\DotNetZip\Unity.VisualScripting.IonicZip.dll
Native extension for WindowsStandalone target not found
Refreshing native plugins compatible for Editor in 0.75 ms, found 5 plugins.
Preloading 0 native plugins for Editor in 0.00 ms.
Mono: successfully reloaded assembly
- Completed reload, in  1.731 seconds
Domain Reload Profiling:
	ReloadAssembly (1732ms)
		BeginReloadAssembly (247ms)
			ExecutionOrderSort (0ms)
			DisableScriptedObjects (8ms)
			BackupInstance (0ms)
			ReleaseScriptingObjects (0ms)
			CreateAndSetChildDomain (58ms)
		EndReloadAssembly (1292ms)
			LoadAssemblies (164ms)
			RebuildTransferFunctionScriptingTraits (0ms)
			SetupTypeCache (480ms)
			ReleaseScriptCaches (2ms)
			RebuildScriptCaches (70ms)
			SetupLoadedEditorAssemblies (533ms)
				LogAssemblyErrors (0ms)
				InitializePlatformSupportModulesInManaged (11ms)
				SetLoadedEditorAssemblies (1ms)
				RefreshPlugins (1ms)
				BeforeProcessingInitializeOnLoad (119ms)
				ProcessInitializeOnLoadAttributes (345ms)
				ProcessInitializeOnLoadMethodAttributes (36ms)
				AfterProcessingInitializeOnLoad (20ms)
				EditorAssembliesLoaded (0ms)
			ExecutionOrderSort2 (0ms)
			AwakeInstancesAfterBackupRestoration (16ms)
Platform modules already initialized, skipping
Refreshing native plugins compatible for Editor in 5.52 ms, found 5 plugins.
Preloading 0 native plugins for Editor in 0.00 ms.
Unloading 3217 Unused Serialized files (Serialized files now loaded: 0)
Unloading 27 unused Assets / (342.6 KB). Loaded Objects now: 3700.
Memory consumption went from 130.3 MB to 129.9 MB.
Total: 4.757000 ms (FindLiveObjects: 0.356000 ms CreateObjectMapping: 0.263500 ms MarkObjects: 3.811400 ms  DeleteObjects: 0.324600 ms)

AssetImportParameters requested are different than current active one (requested -> active):
  custom:video-decoder-ogg-theora: a1e56fd34408186e4bbccfd4996cb3dc -> 
  custom:container-muxer-webm: aa71ff27fc2769a1b78a27578f13a17b -> 
  custom:container-demuxer-webm: 4f35f7cbe854078d1ac9338744f61a02 -> 
  custom:video-encoder-webm-vp8: eb34c28f22e8b96e1ab97ce403110664 -> 
  custom:video-codec-MediaFoundation-h265: 746d11721c4dcdbdad8f713fa42b33f4 -> 
  custom:audio-encoder-webm-vorbis: bf7c407c2cedff20999df2af8eb42d56 -> 
  custom:framework-win-MediaFoundation: 216162199b28c13a410421893ffa2e32 -> 
  custom:container-demuxer-ogg: 62fdf1f143b41e24485cea50d1cbac27 -> 
  custom:video-decoder-webm-vp8: 9c59270c3fd7afecdb556c50c9e8de78 -> 
  custom:audio-decoder-ogg-vorbis: bf7c407c2cedff20999df2af8eb42d56 -> 
========================================================================
Received Import Request.
  Time since last request: 180.883691 seconds.
  path: Assets/PW_cupcake_cherry Variant.prefab
  artifactKey: Guid(7f98a35b2fd6e1a4aa1ea2552cbef408) Importer(815301076,1909f56bfc062723c751e8b465ee728b)
Start importing Assets/PW_cupcake_cherry Variant.prefab using Guid(7f98a35b2fd6e1a4aa1ea2552cbef408) Importer(815301076,1909f56bfc062723c751e8b465ee728b)  -> (artifact id: '007f94b0fd87ae4c7021e1c88737ec53') in 0.151320 seconds 
========================================================================
Received Prepare
Registering precompiled user dll's ...
Registered in 0.015300 seconds.
Begin MonoManager ReloadAssembly
Symbol file LoadedFromMemory doesn't match image C:\Users\Isaiah Melton\GameProgramming\Library\PackageCache\com.unity.visualscripting@1.8.0\Editor\VisualScripting.Core\Dependencies\YamlDotNet\Unity.VisualScripting.YamlDotNet.dll
Symbol file LoadedFromMemory doesn't match image C:\Users\Isaiah Melton\GameProgramming\Library\PackageCache\com.unity.visualscripting@1.8.0\Editor\VisualScripting.Core\Dependencies\DotNetZip\Unity.VisualScripting.IonicZip.dll
Native extension for WindowsStandalone target not found
Refreshing native plugins compatible for Editor in 0.79 ms, found 5 plugins.
Preloading 0 native plugins for Editor in 0.00 ms.
Mono: successfully reloaded assembly
- Completed reload, in  1.836 seconds
Domain Reload Profiling:
	ReloadAssembly (1836ms)
		BeginReloadAssembly (266ms)
			ExecutionOrderSort (0ms)
			DisableScriptedObjects (10ms)
			BackupInstance (0ms)
			ReleaseScriptingObjects (0ms)
			CreateAndSetChildDomain (54ms)
		EndReloadAssembly (1378ms)
			LoadAssemblies (193ms)
			RebuildTransferFunctionScriptingTraits (0ms)
			SetupTypeCache (556ms)
			ReleaseScriptCaches (2ms)
			RebuildScriptCaches (67ms)
			SetupLoadedEditorAssemblies (530ms)
				LogAssemblyErrors (0ms)
				InitializePlatformSupportModulesInManaged (9ms)
				SetLoadedEditorAssemblies (1ms)
				RefreshPlugins (1ms)
				BeforeProcessingInitializeOnLoad (119ms)
				ProcessInitializeOnLoadAttributes (343ms)
				ProcessInitializeOnLoadMethodAttributes (36ms)
				AfterProcessingInitializeOnLoad (21ms)
				EditorAssembliesLoaded (0ms)
			ExecutionOrderSort2 (0ms)
			AwakeInstancesAfterBackupRestoration (18ms)
Platform modules already initialized, skipping
Refreshing native plugins compatible for Editor in 3.72 ms, found 5 plugins.
Preloading 0 native plugins for Editor in 0.00 ms.
Unloading 3217 Unused Serialized files (Serialized files now loaded: 0)
Unloading 27 unused Assets / (343.0 KB). Loaded Objects now: 3703.
Memory consumption went from 130.4 MB to 130.0 MB.
Total: 4.195900 ms (FindLiveObjects: 0.304600 ms CreateObjectMapping: 0.258300 ms MarkObjects: 3.355500 ms  DeleteObjects: 0.276300 ms)

AssetImportParameters requested are different than current active one (requested -> active):
  custom:video-decoder-ogg-theora: a1e56fd34408186e4bbccfd4996cb3dc -> 
  custom:container-muxer-webm: aa71ff27fc2769a1b78a27578f13a17b -> 
  custom:container-demuxer-webm: 4f35f7cbe854078d1ac9338744f61a02 -> 
  custom:video-encoder-webm-vp8: eb34c28f22e8b96e1ab97ce403110664 -> 
  custom:video-codec-MediaFoundation-h265: 746d11721c4dcdbdad8f713fa42b33f4 -> 
  custom:audio-encoder-webm-vorbis: bf7c407c2cedff20999df2af8eb42d56 -> 
  custom:framework-win-MediaFoundation: 216162199b28c13a410421893ffa2e32 -> 
  custom:container-demuxer-ogg: 62fdf1f143b41e24485cea50d1cbac27 -> 
  custom:video-decoder-webm-vp8: 9c59270c3fd7afecdb556c50c9e8de78 -> 
  custom:audio-decoder-ogg-vorbis: bf7c407c2cedff20999df2af8eb42d56 -> 
========================================================================
Received Prepare
Registering precompiled user dll's ...
Registered in 0.010665 seconds.
Begin MonoManager ReloadAssembly
Symbol file LoadedFromMemory doesn't match image C:\Users\Isaiah Melton\GameProgramming\Library\PackageCache\com.unity.visualscripting@1.8.0\Editor\VisualScripting.Core\Dependencies\YamlDotNet\Unity.VisualScripting.YamlDotNet.dll
Symbol file LoadedFromMemory doesn't match image C:\Users\Isaiah Melton\GameProgramming\Library\PackageCache\com.unity.visualscripting@1.8.0\Editor\VisualScripting.Core\Dependencies\DotNetZip\Unity.VisualScripting.IonicZip.dll
Native extension for WindowsStandalone target not found
Refreshing native plugins compatible for Editor in 1.98 ms, found 5 plugins.
Preloading 0 native plugins for Editor in 0.00 ms.
Mono: successfully reloaded assembly
- Completed reload, in  2.075 seconds
Domain Reload Profiling:
	ReloadAssembly (2076ms)
		BeginReloadAssembly (260ms)
			ExecutionOrderSort (0ms)
			DisableScriptedObjects (12ms)
			BackupInstance (0ms)
			ReleaseScriptingObjects (0ms)
			CreateAndSetChildDomain (59ms)
		EndReloadAssembly (1610ms)
			LoadAssemblies (159ms)
			RebuildTransferFunctionScriptingTraits (0ms)
			SetupTypeCache (469ms)
			ReleaseScriptCaches (2ms)
			RebuildScriptCaches (73ms)
			SetupLoadedEditorAssemblies (835ms)
				LogAssemblyErrors (0ms)
				InitializePlatformSupportModulesInManaged (18ms)
				SetLoadedEditorAssemblies (2ms)
				RefreshPlugins (2ms)
				BeforeProcessingInitializeOnLoad (346ms)
				ProcessInitializeOnLoadAttributes (403ms)
				ProcessInitializeOnLoadMethodAttributes (43ms)
				AfterProcessingInitializeOnLoad (21ms)
				EditorAssembliesLoaded (0ms)
			ExecutionOrderSort2 (0ms)
			AwakeInstancesAfterBackupRestoration (18ms)
Platform modules already initialized, skipping
Refreshing native plugins compatible for Editor in 4.03 ms, found 5 plugins.
Preloading 0 native plugins for Editor in 0.00 ms.
Unloading 3217 Unused Serialized files (Serialized files now loaded: 0)
Unloading 27 unused Assets / (342.9 KB). Loaded Objects now: 3706.
Memory consumption went from 130.4 MB to 130.0 MB.
Total: 4.506300 ms (FindLiveObjects: 0.323900 ms CreateObjectMapping: 0.221200 ms MarkObjects: 3.588400 ms  DeleteObjects: 0.357000 ms)

AssetImportParameters requested are different than current active one (requested -> active):
  custom:video-decoder-ogg-theora: a1e56fd34408186e4bbccfd4996cb3dc -> 
  custom:container-muxer-webm: aa71ff27fc2769a1b78a27578f13a17b -> 
  custom:container-demuxer-webm: 4f35f7cbe854078d1ac9338744f61a02 -> 
  custom:video-encoder-webm-vp8: eb34c28f22e8b96e1ab97ce403110664 -> 
  custom:video-codec-MediaFoundation-h265: 746d11721c4dcdbdad8f713fa42b33f4 -> 
  custom:audio-encoder-webm-vorbis: bf7c407c2cedff20999df2af8eb42d56 -> 
  custom:framework-win-MediaFoundation: 216162199b28c13a410421893ffa2e32 -> 
  custom:container-demuxer-ogg: 62fdf1f143b41e24485cea50d1cbac27 -> 
  custom:video-decoder-webm-vp8: 9c59270c3fd7afecdb556c50c9e8de78 -> 
  custom:audio-decoder-ogg-vorbis: bf7c407c2cedff20999df2af8eb42d56 -> 
========================================================================
Received Prepare
Registering precompiled user dll's ...
Registered in 0.013905 seconds.
Begin MonoManager ReloadAssembly
Symbol file LoadedFromMemory doesn't match image C:\Users\Isaiah Melton\GameProgramming\Library\PackageCache\com.unity.visualscripting@1.8.0\Editor\VisualScripting.Core\Dependencies\YamlDotNet\Unity.VisualScripting.YamlDotNet.dll
Symbol file LoadedFromMemory doesn't match image C:\Users\Isaiah Melton\GameProgramming\Library\PackageCache\com.unity.visualscripting@1.8.0\Editor\VisualScripting.Core\Dependencies\DotNetZip\Unity.VisualScripting.IonicZip.dll
Native extension for WindowsStandalone target not found
Refreshing native plugins compatible for Editor in 0.82 ms, found 5 plugins.
Preloading 0 native plugins for Editor in 0.00 ms.
Mono: successfully reloaded assembly
- Completed reload, in  1.623 seconds
Domain Reload Profiling:
	ReloadAssembly (1625ms)
		BeginReloadAssembly (213ms)
			ExecutionOrderSort (0ms)
			DisableScriptedObjects (9ms)
			BackupInstance (0ms)
			ReleaseScriptingObjects (0ms)
			CreateAndSetChildDomain (43ms)
		EndReloadAssembly (1257ms)
			LoadAssemblies (138ms)
			RebuildTransferFunctionScriptingTraits (0ms)
			SetupTypeCache (435ms)
			ReleaseScriptCaches (2ms)
			RebuildScriptCaches (81ms)
			SetupLoadedEditorAssemblies (528ms)
				LogAssemblyErrors (0ms)
				InitializePlatformSupportModulesInManaged (10ms)
				SetLoadedEditorAssemblies (1ms)
				RefreshPlugins (1ms)
				BeforeProcessingInitializeOnLoad (128ms)
				ProcessInitializeOnLoadAttributes (334ms)
				ProcessInitializeOnLoadMethodAttributes (35ms)
				AfterProcessingInitializeOnLoad (18ms)
				EditorAssembliesLoaded (0ms)
			ExecutionOrderSort2 (0ms)
			AwakeInstancesAfterBackupRestoration (13ms)
Platform modules already initialized, skipping
Refreshing native plugins compatible for Editor in 3.52 ms, found 5 plugins.
Preloading 0 native plugins for Editor in 0.00 ms.
Unloading 3217 Unused Serialized files (Serialized files now loaded: 0)
Unloading 27 unused Assets / (343.0 KB). Loaded Objects now: 3709.
Memory consumption went from 130.4 MB to 130.1 MB.
Total: 4.385300 ms (FindLiveObjects: 0.287800 ms CreateObjectMapping: 0.199900 ms MarkObjects: 3.592100 ms  DeleteObjects: 0.304300 ms)

AssetImportParameters requested are different than current active one (requested -> active):
  custom:video-decoder-ogg-theora: a1e56fd34408186e4bbccfd4996cb3dc -> 
  custom:container-muxer-webm: aa71ff27fc2769a1b78a27578f13a17b -> 
  custom:container-demuxer-webm: 4f35f7cbe854078d1ac9338744f61a02 -> 
  custom:video-encoder-webm-vp8: eb34c28f22e8b96e1ab97ce403110664 -> 
  custom:video-codec-MediaFoundation-h265: 746d11721c4dcdbdad8f713fa42b33f4 -> 
  custom:audio-encoder-webm-vorbis: bf7c407c2cedff20999df2af8eb42d56 -> 
  custom:framework-win-MediaFoundation: 216162199b28c13a410421893ffa2e32 -> 
  custom:container-demuxer-ogg: 62fdf1f143b41e24485cea50d1cbac27 -> 
  custom:video-decoder-webm-vp8: 9c59270c3fd7afecdb556c50c9e8de78 -> 
  custom:audio-decoder-ogg-vorbis: bf7c407c2cedff20999df2af8eb42d56 -> 
========================================================================
Received Import Request.
  Time since last request: 305.523094 seconds.
  path: Assets/Spawners.cs
  artifactKey: Guid(ead9f458ff6553741b6163f7fa985202) Importer(815301076,1909f56bfc062723c751e8b465ee728b)
Start importing Assets/Spawners.cs using Guid(ead9f458ff6553741b6163f7fa985202) Importer(815301076,1909f56bfc062723c751e8b465ee728b)  -> (artifact id: 'c4b7129512cd2f39f5b1af47faff19da') in 0.479243 seconds 
========================================================================
Received Import Request.
  Time since last request: 4.548375 seconds.
  path: Assets/Spawners.cs
  artifactKey: Guid(ead9f458ff6553741b6163f7fa985202) Importer(815301076,1909f56bfc062723c751e8b465ee728b)
Start importing Assets/Spawners.cs using Guid(ead9f458ff6553741b6163f7fa985202) Importer(815301076,1909f56bfc062723c751e8b465ee728b)  -> (artifact id: 'fb07a01a3f020df8b43688f74ab6b755') in 0.002370 seconds 
========================================================================
Received Import Request.
  Time since last request: 0.009074 seconds.
  path: Assets/Male 3.prefab
  artifactKey: Guid(a5f8b3846661fda408457288ebda04aa) Importer(815301076,1909f56bfc062723c751e8b465ee728b)
Start importing Assets/Male 3.prefab using Guid(a5f8b3846661fda408457288ebda04aa) Importer(815301076,1909f56bfc062723c751e8b465ee728b)  -> (artifact id: '7bdbda2e4beec6c164f5aec0e9558134') in 0.144604 seconds 
========================================================================
Received Import Request.
  Time since last request: 0.000031 seconds.
  path: Assets/PW_cupcake_cherry Variant.prefab
  artifactKey: Guid(7f98a35b2fd6e1a4aa1ea2552cbef408) Importer(815301076,1909f56bfc062723c751e8b465ee728b)
Start importing Assets/PW_cupcake_cherry Variant.prefab using Guid(7f98a35b2fd6e1a4aa1ea2552cbef408) Importer(815301076,1909f56bfc062723c751e8b465ee728b)  -> (artifact id: 'bb9d7af91abdcb649623a3cc61af3c26') in 0.034619 seconds 
========================================================================
Received Import Request.
  Time since last request: 0.000053 seconds.
  path: Assets/PW_doughnut_pink Variant.prefab
  artifactKey: Guid(7b6de662c45fd664cac35e7ee8095e4b) Importer(815301076,1909f56bfc062723c751e8b465ee728b)
Start importing Assets/PW_doughnut_pink Variant.prefab using Guid(7b6de662c45fd664cac35e7ee8095e4b) Importer(815301076,1909f56bfc062723c751e8b465ee728b)  -> (artifact id: 'c0cae16f11caf7420ebef80604bb3ade') in 0.033586 seconds 
========================================================================
Received Import Request.
  Time since last request: 0.000040 seconds.
  path: Assets/PW_orangejuice Variant.prefab
  artifactKey: Guid(70026871fc54bc84495fb8e34c28afb9) Importer(815301076,1909f56bfc062723c751e8b465ee728b)
Start importing Assets/PW_orangejuice Variant.prefab using Guid(70026871fc54bc84495fb8e34c28afb9) Importer(815301076,1909f56bfc062723c751e8b465ee728b)  -> (artifact id: '50e7d852cd58e04a0cb116102998be68') in 0.062471 seconds 
========================================================================
Received Prepare
Registering precompiled user dll's ...
Registered in 0.012180 seconds.
Begin MonoManager ReloadAssembly
Symbol file LoadedFromMemory doesn't match image C:\Users\Isaiah Melton\GameProgramming\Library\PackageCache\com.unity.visualscripting@1.8.0\Editor\VisualScripting.Core\Dependencies\YamlDotNet\Unity.VisualScripting.YamlDotNet.dll
Symbol file LoadedFromMemory doesn't match image C:\Users\Isaiah Melton\GameProgramming\Library\PackageCache\com.unity.visualscripting@1.8.0\Editor\VisualScripting.Core\Dependencies\DotNetZip\Unity.VisualScripting.IonicZip.dll
Native extension for WindowsStandalone target not found
Refreshing native plugins compatible for Editor in 0.74 ms, found 5 plugins.
Preloading 0 native plugins for Editor in 0.00 ms.
Mono: successfully reloaded assembly
- Completed reload, in  1.672 seconds
Domain Reload Profiling:
	ReloadAssembly (1674ms)
		BeginReloadAssembly (212ms)
			ExecutionOrderSort (0ms)
			DisableScriptedObjects (7ms)
			BackupInstance (0ms)
			ReleaseScriptingObjects (0ms)
			CreateAndSetChildDomain (42ms)
		EndReloadAssembly (1289ms)
			LoadAssemblies (153ms)
			RebuildTransferFunctionScriptingTraits (0ms)
			SetupTypeCache (488ms)
			ReleaseScriptCaches (2ms)
			RebuildScriptCaches (77ms)
			SetupLoadedEditorAssemblies (502ms)
				LogAssemblyErrors (0ms)
				InitializePlatformSupportModulesInManaged (9ms)
				SetLoadedEditorAssemblies (1ms)
				RefreshPlugins (1ms)
				BeforeProcessingInitializeOnLoad (120ms)
				ProcessInitializeOnLoadAttributes (320ms)
				ProcessInitializeOnLoadMethodAttributes (33ms)
				AfterProcessingInitializeOnLoad (17ms)
				EditorAssembliesLoaded (0ms)
			ExecutionOrderSort2 (0ms)
			AwakeInstancesAfterBackupRestoration (13ms)
Platform modules already initialized, skipping
Refreshing native plugins compatible for Editor in 4.71 ms, found 5 plugins.
Preloading 0 native plugins for Editor in 0.00 ms.
Unloading 3217 Unused Serialized files (Serialized files now loaded: 0)
Unloading 27 unused Assets / (342.9 KB). Loaded Objects now: 3712.
Memory consumption went from 130.4 MB to 130.1 MB.
Total: 4.205500 ms (FindLiveObjects: 0.309200 ms CreateObjectMapping: 0.200000 ms MarkObjects: 3.418100 ms  DeleteObjects: 0.277000 ms)

AssetImportParameters requested are different than current active one (requested -> active):
  custom:video-decoder-ogg-theora: a1e56fd34408186e4bbccfd4996cb3dc -> 
  custom:container-muxer-webm: aa71ff27fc2769a1b78a27578f13a17b -> 
  custom:container-demuxer-webm: 4f35f7cbe854078d1ac9338744f61a02 -> 
  custom:video-encoder-webm-vp8: eb34c28f22e8b96e1ab97ce403110664 -> 
  custom:video-codec-MediaFoundation-h265: 746d11721c4dcdbdad8f713fa42b33f4 -> 
  custom:audio-encoder-webm-vorbis: bf7c407c2cedff20999df2af8eb42d56 -> 
  custom:framework-win-MediaFoundation: 216162199b28c13a410421893ffa2e32 -> 
  custom:container-demuxer-ogg: 62fdf1f143b41e24485cea50d1cbac27 -> 
  custom:video-decoder-webm-vp8: 9c59270c3fd7afecdb556c50c9e8de78 -> 
  custom:audio-decoder-ogg-vorbis: bf7c407c2cedff20999df2af8eb42d56 -> 
========================================================================
Received Import Request.
  Time since last request: 9.295064 seconds.
  path: Assets/Male 3.prefab
  artifactKey: Guid(a5f8b3846661fda408457288ebda04aa) Importer(815301076,1909f56bfc062723c751e8b465ee728b)
Start importing Assets/Male 3.prefab using Guid(a5f8b3846661fda408457288ebda04aa) Importer(815301076,1909f56bfc062723c751e8b465ee728b)  -> (artifact id: '7bdbda2e4beec6c164f5aec0e9558134') in 0.144227 seconds 
========================================================================
Received Import Request.
  Time since last request: 0.000032 seconds.
  path: Assets/PW_doughnut_pink Variant.prefab
  artifactKey: Guid(7b6de662c45fd664cac35e7ee8095e4b) Importer(815301076,1909f56bfc062723c751e8b465ee728b)
Start importing Assets/PW_doughnut_pink Variant.prefab using Guid(7b6de662c45fd664cac35e7ee8095e4b) Importer(815301076,1909f56bfc062723c751e8b465ee728b)  -> (artifact id: 'ba84ddaf9527603020f5159e20e7a536') in 0.036122 seconds 
========================================================================
Received Import Request.
  Time since last request: 0.000043 seconds.
  path: Assets/PW_orangejuice Variant.prefab
  artifactKey: Guid(70026871fc54bc84495fb8e34c28afb9) Importer(815301076,1909f56bfc062723c751e8b465ee728b)
Start importing Assets/PW_orangejuice Variant.prefab using Guid(70026871fc54bc84495fb8e34c28afb9) Importer(815301076,1909f56bfc062723c751e8b465ee728b)  -> (artifact id: '751d959b3a81c2b07e53a5e06f869711') in 0.036099 seconds 
========================================================================
Received Import Request.
  Time since last request: 0.000048 seconds.
  path: Assets/Spawners.cs
  artifactKey: Guid(ead9f458ff6553741b6163f7fa985202) Importer(815301076,1909f56bfc062723c751e8b465ee728b)
Start importing Assets/Spawners.cs using Guid(ead9f458ff6553741b6163f7fa985202) Importer(815301076,1909f56bfc062723c751e8b465ee728b)  -> (artifact id: '05a5bc8fae4bb90db8f0c1c6ff114648') in 0.002258 seconds 
========================================================================
Received Prepare
Registering precompiled user dll's ...
Registered in 0.012540 seconds.
Begin MonoManager ReloadAssembly
Symbol file LoadedFromMemory doesn't match image C:\Users\Isaiah Melton\GameProgramming\Library\PackageCache\com.unity.visualscripting@1.8.0\Editor\VisualScripting.Core\Dependencies\YamlDotNet\Unity.VisualScripting.YamlDotNet.dll
Symbol file LoadedFromMemory doesn't match image C:\Users\Isaiah Melton\GameProgramming\Library\PackageCache\com.unity.visualscripting@1.8.0\Editor\VisualScripting.Core\Dependencies\DotNetZip\Unity.VisualScripting.IonicZip.dll
Native extension for WindowsStandalone target not found
Refreshing native plugins compatible for Editor in 1.14 ms, found 5 plugins.
Preloading 0 native plugins for Editor in 0.00 ms.
Mono: successfully reloaded assembly
- Completed reload, in  1.710 seconds
Domain Reload Profiling:
	ReloadAssembly (1711ms)
		BeginReloadAssembly (239ms)
			ExecutionOrderSort (0ms)
			DisableScriptedObjects (8ms)
			BackupInstance (0ms)
			ReleaseScriptingObjects (0ms)
			CreateAndSetChildDomain (43ms)
		EndReloadAssembly (1280ms)
			LoadAssemblies (175ms)
			RebuildTransferFunctionScriptingTraits (0ms)
			SetupTypeCache (422ms)
			ReleaseScriptCaches (2ms)
			RebuildScriptCaches (73ms)
			SetupLoadedEditorAssemblies (564ms)
				LogAssemblyErrors (0ms)
				InitializePlatformSupportModulesInManaged (10ms)
				SetLoadedEditorAssemblies (1ms)
				RefreshPlugins (1ms)
				BeforeProcessingInitializeOnLoad (134ms)
				ProcessInitializeOnLoadAttributes (364ms)
				ProcessInitializeOnLoadMethodAttributes (34ms)
				AfterProcessingInitializeOnLoad (20ms)
				EditorAssembliesLoaded (0ms)
			ExecutionOrderSort2 (0ms)
			AwakeInstancesAfterBackupRestoration (16ms)
Platform modules already initialized, skipping
Refreshing native plugins compatible for Editor in 3.86 ms, found 5 plugins.
Preloading 0 native plugins for Editor in 0.00 ms.
Unloading 3217 Unused Serialized files (Serialized files now loaded: 0)
Unloading 27 unused Assets / (343.2 KB). Loaded Objects now: 3715.
Memory consumption went from 130.4 MB to 130.1 MB.
Total: 4.311900 ms (FindLiveObjects: 0.321200 ms CreateObjectMapping: 0.210800 ms MarkObjects: 3.480400 ms  DeleteObjects: 0.297700 ms)

AssetImportParameters requested are different than current active one (requested -> active):
  custom:video-decoder-ogg-theora: a1e56fd34408186e4bbccfd4996cb3dc -> 
  custom:container-muxer-webm: aa71ff27fc2769a1b78a27578f13a17b -> 
  custom:container-demuxer-webm: 4f35f7cbe854078d1ac9338744f61a02 -> 
  custom:video-encoder-webm-vp8: eb34c28f22e8b96e1ab97ce403110664 -> 
  custom:video-codec-MediaFoundation-h265: 746d11721c4dcdbdad8f713fa42b33f4 -> 
  custom:audio-encoder-webm-vorbis: bf7c407c2cedff20999df2af8eb42d56 -> 
  custom:framework-win-MediaFoundation: 216162199b28c13a410421893ffa2e32 -> 
  custom:container-demuxer-ogg: 62fdf1f143b41e24485cea50d1cbac27 -> 
  custom:video-decoder-webm-vp8: 9c59270c3fd7afecdb556c50c9e8de78 -> 
  custom:audio-decoder-ogg-vorbis: bf7c407c2cedff20999df2af8eb42d56 -> 
========================================================================
Received Import Request.
  Time since last request: 10.118000 seconds.
  path: Assets/Male 3.prefab
  artifactKey: Guid(a5f8b3846661fda408457288ebda04aa) Importer(815301076,1909f56bfc062723c751e8b465ee728b)
Start importing Assets/Male 3.prefab using Guid(a5f8b3846661fda408457288ebda04aa) Importer(815301076,1909f56bfc062723c751e8b465ee728b)  -> (artifact id: '683bdd8211a697ca36d8043a414e48bf') in 0.152077 seconds 
========================================================================
Received Prepare
Registering precompiled user dll's ...
Registered in 0.010229 seconds.
Begin MonoManager ReloadAssembly
Symbol file LoadedFromMemory doesn't match image C:\Users\Isaiah Melton\GameProgramming\Library\PackageCache\com.unity.visualscripting@1.8.0\Editor\VisualScripting.Core\Dependencies\YamlDotNet\Unity.VisualScripting.YamlDotNet.dll
Symbol file LoadedFromMemory doesn't match image C:\Users\Isaiah Melton\GameProgramming\Library\PackageCache\com.unity.visualscripting@1.8.0\Editor\VisualScripting.Core\Dependencies\DotNetZip\Unity.VisualScripting.IonicZip.dll
Native extension for WindowsStandalone target not found
Refreshing native plugins compatible for Editor in 1.24 ms, found 5 plugins.
Preloading 0 native plugins for Editor in 0.00 ms.
Mono: successfully reloaded assembly
- Completed reload, in  1.811 seconds
Domain Reload Profiling:
	ReloadAssembly (1812ms)
		BeginReloadAssembly (227ms)
			ExecutionOrderSort (0ms)
			DisableScriptedObjects (10ms)
			BackupInstance (0ms)
			ReleaseScriptingObjects (0ms)
			CreateAndSetChildDomain (46ms)
		EndReloadAssembly (1381ms)
			LoadAssemblies (168ms)
			RebuildTransferFunctionScriptingTraits (0ms)
			SetupTypeCache (485ms)
			ReleaseScriptCaches (2ms)
			RebuildScriptCaches (96ms)
			SetupLoadedEditorAssemblies (568ms)
				LogAssemblyErrors (0ms)
				InitializePlatformSupportModulesInManaged (13ms)
				SetLoadedEditorAssemblies (1ms)
				RefreshPlugins (1ms)
				BeforeProcessingInitializeOnLoad (151ms)
				ProcessInitializeOnLoadAttributes (349ms)
				ProcessInitializeOnLoadMethodAttributes (33ms)
				AfterProcessingInitializeOnLoad (20ms)
				EditorAssembliesLoaded (0ms)
			ExecutionOrderSort2 (0ms)
			AwakeInstancesAfterBackupRestoration (14ms)
Platform modules already initialized, skipping
Refreshing native plugins compatible for Editor in 4.11 ms, found 5 plugins.
Preloading 0 native plugins for Editor in 0.00 ms.
Unloading 3217 Unused Serialized files (Serialized files now loaded: 0)
Unloading 27 unused Assets / (343.0 KB). Loaded Objects now: 3718.
Memory consumption went from 130.5 MB to 130.2 MB.
Total: 3.927100 ms (FindLiveObjects: 0.305600 ms CreateObjectMapping: 0.200600 ms MarkObjects: 3.145100 ms  DeleteObjects: 0.274600 ms)

AssetImportParameters requested are different than current active one (requested -> active):
  custom:video-decoder-ogg-theora: a1e56fd34408186e4bbccfd4996cb3dc -> 
  custom:container-muxer-webm: aa71ff27fc2769a1b78a27578f13a17b -> 
  custom:container-demuxer-webm: 4f35f7cbe854078d1ac9338744f61a02 -> 
  custom:video-encoder-webm-vp8: eb34c28f22e8b96e1ab97ce403110664 -> 
  custom:video-codec-MediaFoundation-h265: 746d11721c4dcdbdad8f713fa42b33f4 -> 
  custom:audio-encoder-webm-vorbis: bf7c407c2cedff20999df2af8eb42d56 -> 
  custom:framework-win-MediaFoundation: 216162199b28c13a410421893ffa2e32 -> 
  custom:container-demuxer-ogg: 62fdf1f143b41e24485cea50d1cbac27 -> 
  custom:video-decoder-webm-vp8: 9c59270c3fd7afecdb556c50c9e8de78 -> 
  custom:audio-decoder-ogg-vorbis: bf7c407c2cedff20999df2af8eb42d56 -> 
========================================================================
Received Import Request.
  Time since last request: 8.128151 seconds.
  path: Assets/Male 3.prefab
  artifactKey: Guid(a5f8b3846661fda408457288ebda04aa) Importer(815301076,1909f56bfc062723c751e8b465ee728b)
Start importing Assets/Male 3.prefab using Guid(a5f8b3846661fda408457288ebda04aa) Importer(815301076,1909f56bfc062723c751e8b465ee728b)  -> (artifact id: '2ee60cebe61212461a478e47e7176e10') in 0.134230 seconds 
========================================================================
Received Import Request.
  Time since last request: 0.000029 seconds.
  path: Assets/PW_orangejuice Variant.prefab
  artifactKey: Guid(70026871fc54bc84495fb8e34c28afb9) Importer(815301076,1909f56bfc062723c751e8b465ee728b)
Start importing Assets/PW_orangejuice Variant.prefab using Guid(70026871fc54bc84495fb8e34c28afb9) Importer(815301076,1909f56bfc062723c751e8b465ee728b)  -> (artifact id: 'ed3121a622d9e4eb8acc2825008412f1') in 0.035008 seconds 
========================================================================
Received Prepare
Registering precompiled user dll's ...
Registered in 0.010456 seconds.
Begin MonoManager ReloadAssembly
Symbol file LoadedFromMemory doesn't match image C:\Users\Isaiah Melton\GameProgramming\Library\PackageCache\com.unity.visualscripting@1.8.0\Editor\VisualScripting.Core\Dependencies\YamlDotNet\Unity.VisualScripting.YamlDotNet.dll
Symbol file LoadedFromMemory doesn't match image C:\Users\Isaiah Melton\GameProgramming\Library\PackageCache\com.unity.visualscripting@1.8.0\Editor\VisualScripting.Core\Dependencies\DotNetZip\Unity.VisualScripting.IonicZip.dll
Native extension for WindowsStandalone target not found
Refreshing native plugins compatible for Editor in 0.73 ms, found 5 plugins.
Preloading 0 native plugins for Editor in 0.00 ms.
Mono: successfully reloaded assembly
- Completed reload, in  1.645 seconds
Domain Reload Profiling:
	ReloadAssembly (1646ms)
		BeginReloadAssembly (234ms)
			ExecutionOrderSort (0ms)
			DisableScriptedObjects (12ms)
			BackupInstance (0ms)
			ReleaseScriptingObjects (0ms)
			CreateAndSetChildDomain (44ms)
		EndReloadAssembly (1227ms)
			LoadAssemblies (165ms)
			RebuildTransferFunctionScriptingTraits (0ms)
			SetupTypeCache (478ms)
			ReleaseScriptCaches (2ms)
			RebuildScriptCaches (66ms)
			SetupLoadedEditorAssemblies (473ms)
				LogAssemblyErrors (0ms)
				InitializePlatformSupportModulesInManaged (9ms)
				SetLoadedEditorAssemblies (1ms)
				RefreshPlugins (1ms)
				BeforeProcessingInitializeOnLoad (114ms)
				ProcessInitializeOnLoadAttributes (298ms)
				ProcessInitializeOnLoadMethodAttributes (30ms)
				AfterProcessingInitializeOnLoad (21ms)
				EditorAssembliesLoaded (0ms)
			ExecutionOrderSort2 (0ms)
			AwakeInstancesAfterBackupRestoration (14ms)
Platform modules already initialized, skipping
Refreshing native plugins compatible for Editor in 3.75 ms, found 5 plugins.
Preloading 0 native plugins for Editor in 0.00 ms.
Unloading 3217 Unused Serialized files (Serialized files now loaded: 0)
Unloading 27 unused Assets / (343.0 KB). Loaded Objects now: 3721.
Memory consumption went from 130.5 MB to 130.2 MB.
Total: 4.344300 ms (FindLiveObjects: 0.414200 ms CreateObjectMapping: 0.321800 ms MarkObjects: 3.331100 ms  DeleteObjects: 0.276100 ms)

AssetImportParameters requested are different than current active one (requested -> active):
  custom:video-decoder-ogg-theora: a1e56fd34408186e4bbccfd4996cb3dc -> 
  custom:container-muxer-webm: aa71ff27fc2769a1b78a27578f13a17b -> 
  custom:container-demuxer-webm: 4f35f7cbe854078d1ac9338744f61a02 -> 
  custom:video-encoder-webm-vp8: eb34c28f22e8b96e1ab97ce403110664 -> 
  custom:video-codec-MediaFoundation-h265: 746d11721c4dcdbdad8f713fa42b33f4 -> 
  custom:audio-encoder-webm-vorbis: bf7c407c2cedff20999df2af8eb42d56 -> 
  custom:framework-win-MediaFoundation: 216162199b28c13a410421893ffa2e32 -> 
  custom:container-demuxer-ogg: 62fdf1f143b41e24485cea50d1cbac27 -> 
  custom:video-decoder-webm-vp8: 9c59270c3fd7afecdb556c50c9e8de78 -> 
  custom:audio-decoder-ogg-vorbis: bf7c407c2cedff20999df2af8eb42d56 -> 
========================================================================
Received Import Request.
  Time since last request: 7.511649 seconds.
  path: Assets/PW_cupcake_cherry Variant.prefab
  artifactKey: Guid(7f98a35b2fd6e1a4aa1ea2552cbef408) Importer(815301076,1909f56bfc062723c751e8b465ee728b)
Start importing Assets/PW_cupcake_cherry Variant.prefab using Guid(7f98a35b2fd6e1a4aa1ea2552cbef408) Importer(815301076,1909f56bfc062723c751e8b465ee728b)  -> (artifact id: '64c944a871997fcfd165aa11eb0ca028') in 0.140941 seconds 
========================================================================
Received Prepare
Registering precompiled user dll's ...
Registered in 0.016426 seconds.
Begin MonoManager ReloadAssembly
Symbol file LoadedFromMemory doesn't match image C:\Users\Isaiah Melton\GameProgramming\Library\PackageCache\com.unity.visualscripting@1.8.0\Editor\VisualScripting.Core\Dependencies\YamlDotNet\Unity.VisualScripting.YamlDotNet.dll
Symbol file LoadedFromMemory doesn't match image C:\Users\Isaiah Melton\GameProgramming\Library\PackageCache\com.unity.visualscripting@1.8.0\Editor\VisualScripting.Core\Dependencies\DotNetZip\Unity.VisualScripting.IonicZip.dll
Native extension for WindowsStandalone target not found
Refreshing native plugins compatible for Editor in 2.55 ms, found 5 plugins.
Preloading 0 native plugins for Editor in 0.00 ms.
Mono: successfully reloaded assembly
- Completed reload, in  1.991 seconds
Domain Reload Profiling:
	ReloadAssembly (1992ms)
		BeginReloadAssembly (238ms)
			ExecutionOrderSort (0ms)
			DisableScriptedObjects (10ms)
			BackupInstance (0ms)
			ReleaseScriptingObjects (0ms)
			CreateAndSetChildDomain (50ms)
		EndReloadAssembly (1578ms)
			LoadAssemblies (163ms)
			RebuildTransferFunctionScriptingTraits (0ms)
			SetupTypeCache (445ms)
			ReleaseScriptCaches (2ms)
			RebuildScriptCaches (107ms)
			SetupLoadedEditorAssemblies (714ms)
				LogAssemblyErrors (0ms)
				InitializePlatformSupportModulesInManaged (30ms)
				SetLoadedEditorAssemblies (2ms)
				RefreshPlugins (3ms)
				BeforeProcessingInitializeOnLoad (269ms)
				ProcessInitializeOnLoadAttributes (344ms)
				ProcessInitializeOnLoadMethodAttributes (42ms)
				AfterProcessingInitializeOnLoad (24ms)
				EditorAssembliesLoaded (0ms)
			ExecutionOrderSort2 (0ms)
			AwakeInstancesAfterBackupRestoration (15ms)
Platform modules already initialized, skipping
Refreshing native plugins compatible for Editor in 3.59 ms, found 5 plugins.
Preloading 0 native plugins for Editor in 0.00 ms.
Unloading 3217 Unused Serialized files (Serialized files now loaded: 0)
Unloading 27 unused Assets / (343.4 KB). Loaded Objects now: 3724.
Memory consumption went from 130.5 MB to 130.2 MB.
Total: 4.115000 ms (FindLiveObjects: 0.337200 ms CreateObjectMapping: 0.226500 ms MarkObjects: 3.265100 ms  DeleteObjects: 0.284800 ms)

AssetImportParameters requested are different than current active one (requested -> active):
  custom:video-decoder-ogg-theora: a1e56fd34408186e4bbccfd4996cb3dc -> 
  custom:container-muxer-webm: aa71ff27fc2769a1b78a27578f13a17b -> 
  custom:container-demuxer-webm: 4f35f7cbe854078d1ac9338744f61a02 -> 
  custom:video-encoder-webm-vp8: eb34c28f22e8b96e1ab97ce403110664 -> 
  custom:video-codec-MediaFoundation-h265: 746d11721c4dcdbdad8f713fa42b33f4 -> 
  custom:audio-encoder-webm-vorbis: bf7c407c2cedff20999df2af8eb42d56 -> 
  custom:framework-win-MediaFoundation: 216162199b28c13a410421893ffa2e32 -> 
  custom:container-demuxer-ogg: 62fdf1f143b41e24485cea50d1cbac27 -> 
  custom:video-decoder-webm-vp8: 9c59270c3fd7afecdb556c50c9e8de78 -> 
  custom:audio-decoder-ogg-vorbis: bf7c407c2cedff20999df2af8eb42d56 -> 
Editor requested this worker to shutdown with reason: Scaling down because of idle timeout
AssetImportWorker is now disconnected from the server
Process exiting
Exiting without the bug reporter. Application will terminate with return code 0